{"name": "test_007", "status": "failed", "statusDetails": {"message": "AssertionError: assert False", "trace": "self = <testcases.test_007_explicitwait.Test_007_explicit_wait object at 0x00000254F6379D10>\n\n    def test_007(self):\n    \n        driver=webdriver.Chrome() ;\n    \n        driver.implicitly_wait(5) ;\n    \n        driver.maximize_window() ;\n    \n        driver.get('https://www.google.co.in') ;\n    \n        driver.find_element(By.XPATH, '//textarea[@jsname=\"yZiJbe\"]').send_keys('Internet Speed Test') ;\n    \n        driver.find_element(By.XPATH, '(//input[@aria-label=\"Google Search\"])[1]').click() ;\n    \n        driver.find_element(By.XPATH, '//div[text()=\"RUN SPEED TEST\"]').click() ;\n    \n        try:\n            wait=WebDriverWait(driver,25,poll_frequency=0.5) ;\n>           wait.until(expected_conditions.visibility_of_element_located((By.XPATH, '//div[text()=\"TEST AGAIN\"]'))) ;\n\ntestcases\\test_007_explicitwait.py:29: \n_ _ _ _ _ _ _ _ _ _ _ _ _ _ _ _ _ _ _ _ _ _ _ _ _ _ _ _ _ _ _ _ _ _ _ _ _ _ _ _\n\nself = <selenium.webdriver.support.wait.WebDriverWait (session=\"7b23652a390c612ae5bedd27cd75d20f\")>\nmethod = <function visibility_of_element_located.<locals>._predicate at 0x00000254F63C62A0>\nmessage = ''\n\n    def until(self, method, message: str = \"\"):\n        \"\"\"Calls the method provided with the driver as an argument until the \\\n        return value does not evaluate to ``False``.\n    \n        :param method: callable(WebDriver)\n        :param message: optional message for :exc:`TimeoutException`\n        :returns: the result of the last call to `method`\n        :raises: :exc:`selenium.common.exceptions.TimeoutException` if timeout occurs\n        \"\"\"\n        screen = None\n        stacktrace = None\n    \n        end_time = time.monotonic() + self._timeout\n        while True:\n            try:\n                value = method(self._driver)\n                if value:\n                    return value\n            except self._ignored_exceptions as exc:\n                screen = getattr(exc, \"screen\", None)\n                stacktrace = getattr(exc, \"stacktrace\", None)\n            time.sleep(self._poll)\n            if time.monotonic() > end_time:\n                break\n>       raise TimeoutException(message, screen, stacktrace)\nE       selenium.common.exceptions.TimeoutException: Message:\n\n..\\..\\..\\AppData\\Local\\Programs\\Python\\Python311\\Lib\\site-packages\\selenium\\webdriver\\support\\wait.py:95: TimeoutException\n\nDuring handling of the above exception, another exception occurred:\n\nself = <testcases.test_007_explicitwait.Test_007_explicit_wait object at 0x00000254F6379D10>\n\n    def test_007(self):\n    \n        driver=webdriver.Chrome() ;\n    \n        driver.implicitly_wait(5) ;\n    \n        driver.maximize_window() ;\n    \n        driver.get('https://www.google.co.in') ;\n    \n        driver.find_element(By.XPATH, '//textarea[@jsname=\"yZiJbe\"]').send_keys('Internet Speed Test') ;\n    \n        driver.find_element(By.XPATH, '(//input[@aria-label=\"Google Search\"])[1]').click() ;\n    \n        driver.find_element(By.XPATH, '//div[text()=\"RUN SPEED TEST\"]').click() ;\n    \n        try:\n            wait=WebDriverWait(driver,25,poll_frequency=0.5) ;\n            wait.until(expected_conditions.visibility_of_element_located((By.XPATH, '//div[text()=\"TEST AGAIN\"]'))) ;\n    \n            downspeed=driver.find_element(By.XPATH, '//div[@class=\"oyUhj\"]').text ;\n            print('\\n**********DOWNLOAD SPEED********\\n',downspeed) ;\n    \n            upspeed=driver.find_element(By.XPATH,'//div[@class=\"iD3Ij\"]').text ;\n            print('\\n**********UPLOAD SPEED**********\\n',upspeed) ;\n            time.sleep(1) ;\n    \n            driver.save_screenshot(\"D:\\\\PYTEST_JULY\\\\screenshots\\\\test_007_pass.png\");\n            assert True ;\n    \n        except:\n            print('Some Error Occured......!') ;\n            driver.save_screenshot(\"D:\\\\PYTEST_JULY\\\\screenshots\\\\test007_fail.png\")\n>           assert False;\nE           assert False\n\ntestcases\\test_007_explicitwait.py:44: AssertionError"}, "start": 1693677209452, "stop": 1693677385459, "uuid": "20e40052-eff4-40d8-b366-0aaa02d70558", "historyId": "a2ffbad01c2304378012d5c7c6edbeb3", "testCaseId": "a2ffbad01c2304378012d5c7c6edbeb3", "fullName": "testcases.test_007_explicitwait.Test_007_explicit_wait#test_007", "labels": [{"name": "parentSuite", "value": "testcases"}, {"name": "suite", "value": "test_007_explicitwait"}, {"name": "subSuite", "value": "Test_007_explicit_wait"}, {"name": "host", "value": "DESKTOP-U7OANNR"}, {"name": "thread", "value": "20936-MainThread"}, {"name": "framework", "value": "pytest"}, {"name": "language", "value": "cpython3"}, {"name": "package", "value": "testcases.test_007_explicitwait"}]}